2025-05-11 16:24:17,294 - INFO - Starting experiments: NER for Knowledge Graph Construction
2025-05-11 16:24:17,294 - INFO - Loading CoNLL04 dataset...
2025-05-11 16:24:36,431 - INFO - Preparing data for CRF model...
2025-05-11 16:24:55,048 - INFO - Initializing CRF model...
2025-05-11 16:24:55,048 - INFO - [CRF] Starting training...
2025-05-11 16:28:22,278 - INFO - Starting experiments: NER for Knowledge Graph Construction
2025-05-11 16:28:22,278 - INFO - Loading CoNLL04 dataset...
2025-05-11 16:28:39,611 - INFO - Preparing data for CRF model...
2025-05-11 16:28:59,935 - INFO - Initializing CRF model...
2025-05-11 16:28:59,935 - INFO - [CRF] Starting training...
2025-05-11 16:30:00,629 - INFO - Starting experiments: NER for Knowledge Graph Construction
2025-05-11 16:30:00,634 - INFO - Loading CoNLL04 dataset...
2025-05-11 16:30:18,754 - INFO - Preparing data for CRF model...
2025-05-11 16:30:39,211 - INFO - Initializing CRF model...
2025-05-11 16:30:39,211 - INFO - [CRF] Starting training...
2025-05-11 16:31:27,427 - INFO - Starting experiments: NER for Knowledge Graph Construction
2025-05-11 16:31:27,427 - INFO - Loading CoNLL04 dataset...
2025-05-11 16:31:45,442 - INFO - Preparing data for CRF model...
2025-05-11 16:32:05,857 - INFO - Initializing CRF model...
2025-05-11 16:32:05,857 - INFO - [CRF] Starting training...
2025-05-11 16:32:08,014 - INFO - [CRF] Starting evaluation...
2025-05-11 16:32:08,170 - INFO - [CRF] Results:
2025-05-11 16:32:08,170 - INFO -   B-Loc:
2025-05-11 16:32:08,170 - INFO - precision: 0.8633
2025-05-11 16:32:08,170 - INFO - recall: 0.7986
2025-05-11 16:32:08,170 - INFO - f1-score: 0.8297
2025-05-11 16:32:08,170 - INFO - support: 427.0000
2025-05-11 16:32:08,170 - INFO -   B-Org:
2025-05-11 16:32:08,170 - INFO - precision: 0.7459
2025-05-11 16:32:08,170 - INFO - recall: 0.6818
2025-05-11 16:32:08,170 - INFO - f1-score: 0.7124
2025-05-11 16:32:08,170 - INFO - support: 198.0000
2025-05-11 16:32:08,170 - INFO -   B-Other:
2025-05-11 16:32:08,170 - INFO - precision: 0.8000
2025-05-11 16:32:08,170 - INFO - recall: 0.5414
2025-05-11 16:32:08,171 - INFO - f1-score: 0.6457
2025-05-11 16:32:08,171 - INFO - support: 133.0000
2025-05-11 16:32:08,171 - INFO -   B-Peop:
2025-05-11 16:32:08,171 - INFO - precision: 0.7611
2025-05-11 16:32:08,171 - INFO - recall: 0.8037
2025-05-11 16:32:08,171 - INFO - f1-score: 0.7818
2025-05-11 16:32:08,171 - INFO - support: 321.0000
2025-05-11 16:32:08,171 - INFO -   I-Loc:
2025-05-11 16:32:08,171 - INFO - precision: 0.8462
2025-05-11 16:32:08,171 - INFO - recall: 0.6471
2025-05-11 16:32:08,171 - INFO - f1-score: 0.7333
2025-05-11 16:32:08,171 - INFO - support: 204.0000
2025-05-11 16:32:08,171 - INFO -   I-Org:
2025-05-11 16:32:08,171 - INFO - precision: 0.6395
2025-05-11 16:32:08,171 - INFO - recall: 0.7801
2025-05-11 16:32:08,171 - INFO - f1-score: 0.7028
2025-05-11 16:32:08,171 - INFO - support: 241.0000
2025-05-11 16:32:08,171 - INFO -   I-Other:
2025-05-11 16:32:08,171 - INFO - precision: 0.8191
2025-05-11 16:32:08,171 - INFO - recall: 0.5923
2025-05-11 16:32:08,171 - INFO - f1-score: 0.6875
2025-05-11 16:32:08,171 - INFO - support: 130.0000
2025-05-11 16:32:08,172 - INFO -   I-Peop:
2025-05-11 16:32:08,172 - INFO - precision: 0.8032
2025-05-11 16:32:08,172 - INFO - recall: 0.9404
2025-05-11 16:32:08,172 - INFO - f1-score: 0.8664
2025-05-11 16:32:08,172 - INFO - support: 369.0000
2025-05-11 16:32:08,172 - INFO -   O:
2025-05-11 16:32:08,172 - INFO - precision: 0.9685
2025-05-11 16:32:08,172 - INFO - recall: 0.9750
2025-05-11 16:32:08,172 - INFO - f1-score: 0.9717
2025-05-11 16:32:08,172 - INFO - support: 6313.0000
2025-05-11 16:32:08,172 - INFO - accuracy: 0.9243
2025-05-11 16:32:08,172 - INFO -   macro avg:
2025-05-11 16:32:08,172 - INFO - precision: 0.8052
2025-05-11 16:32:08,172 - INFO - recall: 0.7511
2025-05-11 16:32:08,172 - INFO - f1-score: 0.7702
2025-05-11 16:32:08,172 - INFO - support: 8336.0000
2025-05-11 16:32:08,172 - INFO -   weighted avg:
2025-05-11 16:32:08,172 - INFO - precision: 0.9250
2025-05-11 16:32:08,172 - INFO - recall: 0.9243
2025-05-11 16:32:08,172 - INFO - f1-score: 0.9231
2025-05-11 16:32:08,172 - INFO - support: 8336.0000
2025-05-11 16:32:08,173 - INFO - [CRF] Micro-F1 score: 0.0000
2025-05-11 16:32:08,173 - INFO - Preparing data for BERT+CRF model...
2025-05-11 18:19:16,139 - INFO - Starting experiments: NER for Knowledge Graph Construction
2025-05-11 18:19:16,139 - INFO - Loading CoNLL04 dataset...
2025-05-11 18:19:33,386 - INFO - Preparing data for BERT+CRF model...
2025-05-11 18:39:00,501 - INFO - Starting experiments: NER for Knowledge Graph Construction
2025-05-11 18:39:00,501 - INFO - Loading CoNLL04 dataset...
2025-05-11 18:39:15,560 - INFO - Preparing data for BERT+CRF model...
2025-05-11 18:39:26,654 - INFO - Initializing BERT+CRF model...
2025-05-11 18:39:30,383 - INFO - [BERT+CRF] Starting training...
2025-05-11 18:39:30,383 - INFO - Starting training on device: cuda
2025-05-11 18:41:47,541 - INFO - Starting experiments: NER for Knowledge Graph Construction
2025-05-11 18:41:47,541 - INFO - Loading CoNLL04 dataset...
2025-05-11 18:42:03,886 - INFO - Preparing data for BERT+CRF model...
2025-05-11 18:42:15,888 - INFO - Initializing BERT+CRF model...
2025-05-11 18:42:18,655 - INFO - [BERT+CRF] Starting training...
2025-05-11 18:42:18,655 - INFO - Starting training on device: cuda
2025-05-11 18:42:33,708 - INFO - Starting experiments: NER for Knowledge Graph Construction
2025-05-11 18:42:33,708 - INFO - Loading CoNLL04 dataset...
2025-05-11 18:42:48,878 - INFO - Preparing data for BERT+CRF model...
2025-05-11 18:43:00,461 - INFO - Initializing BERT+CRF model...
2025-05-11 18:43:03,083 - INFO - [BERT+CRF] Starting training...
2025-05-11 18:43:03,084 - INFO - Starting training on device: cuda
